d:\ttms\consoleapplication2\x64\debug\vc143.pdb
d:\ttms\consoleapplication2\x64\debug\vc143.idb
d:\ttms\consoleapplication2\x64\debug\queries_ui.obj
d:\ttms\consoleapplication2\x64\debug\play_ui.obj
d:\ttms\consoleapplication2\x64\debug\main_menu.obj
d:\ttms\consoleapplication2\x64\debug\ttms.obj
d:\ttms\consoleapplication2\x64\debug\ticket.obj
d:\ttms\consoleapplication2\x64\debug\studio.obj
d:\ttms\consoleapplication2\x64\debug\seat.obj
d:\ttms\consoleapplication2\x64\debug\schedule.obj
d:\ttms\consoleapplication2\x64\debug\play.obj
d:\ttms\consoleapplication2\x64\debug\ticket_persist.obj
d:\ttms\consoleapplication2\x64\debug\studio_persist.obj
d:\ttms\consoleapplication2\x64\debug\seat_persist.obj
d:\ttms\consoleapplication2\x64\debug\schedule_persist.obj
d:\ttms\consoleapplication2\x64\debug\play_persist.obj
d:\ttms\consoleapplication2\x64\debug\entitykey_persist.obj
d:\ttms\consoleapplication2\x64\debug\listtestdrv.obj
d:\ttms\consoleapplication2\x64\debug\common.obj
d:\ttms\consoleapplication2\x64\debug\studio_ui.obj
d:\ttms\consoleapplication2\x64\debug\seat_ui.obj
d:\ttms\consoleapplication2\x64\debug\schedule_ui.obj
d:\ttms\consoleapplication2\x64\debug\sale.obj
d:\ttms\consoleapplication2\x64\debug\sale_persist.obj
d:\ttms\consoleapplication2\x64\debug\ticket_ui.obj
d:\ttms\consoleapplication2\x64\debug\account_persist.obj
d:\ttms\consoleapplication2\x64\debug\sale_ui.obj
d:\ttms\consoleapplication2\x64\debug\account_ui.obj
d:\ttms\consoleapplication2\x64\debug\account.obj
d:\ttms\consoleapplication2\x64\debug\stasales_ui.obj
d:\ttms\consoleapplication2\x64\debug\salesanalysis_ui.obj
d:\ttms\consoleapplication2\x64\debug\stasales.obj
d:\ttms\consoleapplication2\x64\debug\salesanalysis.obj
d:\ttms\consoleapplication2\x64\debug\consoleapplication2.pdb
d:\ttms\consoleapplication2\x64\debug\consolea.c810acf0.tlog\cl.command.1.tlog
d:\ttms\consoleapplication2\x64\debug\consolea.c810acf0.tlog\cl.items.tlog
d:\ttms\consoleapplication2\x64\debug\consolea.c810acf0.tlog\cl.read.1.tlog
d:\ttms\consoleapplication2\x64\debug\consolea.c810acf0.tlog\cl.write.1.tlog
d:\ttms\consoleapplication2\x64\debug\consolea.c810acf0.tlog\link-cvtres.read.1.tlog
d:\ttms\consoleapplication2\x64\debug\consolea.c810acf0.tlog\link-cvtres.write.1.tlog
d:\ttms\consoleapplication2\x64\debug\consolea.c810acf0.tlog\link-rc.read.1.tlog
d:\ttms\consoleapplication2\x64\debug\consolea.c810acf0.tlog\link-rc.write.1.tlog
d:\ttms\consoleapplication2\x64\debug\consolea.c810acf0.tlog\link.8596-cvtres.read.1.tlog
d:\ttms\consoleapplication2\x64\debug\consolea.c810acf0.tlog\link.8596-cvtres.write.1.tlog
d:\ttms\consoleapplication2\x64\debug\consolea.c810acf0.tlog\link.8596-rc.read.1.tlog
d:\ttms\consoleapplication2\x64\debug\consolea.c810acf0.tlog\link.8596-rc.write.1.tlog
d:\ttms\consoleapplication2\x64\debug\consolea.c810acf0.tlog\link.8596.read.1.tlog
d:\ttms\consoleapplication2\x64\debug\consolea.c810acf0.tlog\link.8596.read.2.tlog
d:\ttms\consoleapplication2\x64\debug\consolea.c810acf0.tlog\link.8596.write.1.tlog
d:\ttms\consoleapplication2\x64\debug\consolea.c810acf0.tlog\link.command.1.tlog
d:\ttms\consoleapplication2\x64\debug\consolea.c810acf0.tlog\link.read.1.tlog
d:\ttms\consoleapplication2\x64\debug\consolea.c810acf0.tlog\link.read.2.tlog
d:\ttms\consoleapplication2\x64\debug\consolea.c810acf0.tlog\link.write.1.tlog
